<?xml version="1.0" encoding="UTF-8"?>
<!-- Generated by org.testng.reporters.JUnitReportReporter -->
<testsuite hostname="Vishnus-MacBook-Air.local" failures="0" tests="1" name="api.utilities.FrameworkUtils" time="0.025" errors="0" timestamp="2023-07-05T22:37:28 EDT" skipped="0">
  <testcase classname="api.utilities.FrameworkUtils" name="setReportAndLog" time="0.025"/>
  <system-out/>
</testsuite> <!-- api.utilities.FrameworkUtils -->
