<?xml version="1.0" encoding="UTF-8"?>
<!-- Generated by org.testng.reporters.JUnitReportReporter -->
<testsuite hostname="Vishnus-MacBook-Air.local" failures="0" tests="8" name="api.test.DataDrivenTests" time="4.972" errors="0" timestamp="2023-06-23T17:24:25 EDT" skipped="0">
  <testcase classname="api.test.DataDrivenTests" name="testPostUser" time="0.225"/>
  <system-out/>
  <testcase classname="api.test.DataDrivenTests" name="testPostUser" time="3.240"/>
  <system-out/>
  <testcase classname="api.test.DataDrivenTests" name="testPostUser" time="0.282"/>
  <system-out/>
  <testcase classname="api.test.DataDrivenTests" name="testPostUser" time="0.235"/>
  <system-out/>
  <testcase classname="api.test.DataDrivenTests" name="testDeleteUser" time="0.211"/>
  <system-out/>
  <testcase classname="api.test.DataDrivenTests" name="testDeleteUser" time="0.238"/>
  <system-out/>
  <testcase classname="api.test.DataDrivenTests" name="testDeleteUser" time="0.333"/>
  <system-out/>
  <testcase classname="api.test.DataDrivenTests" name="testDeleteUser" time="0.208"/>
  <system-out/>
</testsuite> <!-- api.test.DataDrivenTests -->
