<?xml version="1.0" encoding="UTF-8"?>
<!-- Generated by org.testng.reporters.JUnitReportReporter -->
<testsuite hostname="Vishnus-MacBook-Air.local" failures="0" tests="4" name="api.test.UserTests2" time="4.367" errors="0" timestamp="2023-07-10T18:34:40 EDT" skipped="0">
  <testcase classname="api.test.UserTests2" name="test_PostUser" time="3.349"/>
  <system-out/>
  <testcase classname="api.test.UserTests2" name="test_GetUserByName" time="0.324"/>
  <system-out/>
  <testcase classname="api.test.UserTests2" name="test_ModifyUserByName" time="0.474"/>
  <system-out/>
  <testcase classname="api.test.UserTests2" name="test_DeleteUserByName" time="0.220"/>
  <system-out/>
</testsuite> <!-- api.test.UserTests2 -->
