<?xml version="1.0" encoding="UTF-8"?>
<!-- Generated by org.testng.reporters.JUnitReportReporter -->
<testsuite hostname="Vishnus-MacBook-Air.local" failures="0" tests="1" name="api.utilities.testExcel" time="2.038" errors="0" timestamp="2023-06-22T20:03:19 EDT" skipped="0">
  <testcase classname="api.utilities.testExcel" name="testEx" time="2.038"/>
  <system-out/>
</testsuite> <!-- api.utilities.testExcel -->
