<?xml version="1.0" encoding="UTF-8"?>
<!-- Generated by org.testng.reporters.JUnitReportReporter -->
<testsuite hostname="Vishnus-MacBook-Air.local" failures="0" tests="4" name="api.test.UserTests" time="4.545" errors="0" timestamp="2023-07-10T21:01:11 EDT" skipped="0">
  <testcase classname="api.test.UserTests" name="test_PostUser" time="3.421"/>
  <system-out/>
  <testcase classname="api.test.UserTests" name="test_GetUserByName" time="0.353"/>
  <system-out/>
  <testcase classname="api.test.UserTests" name="test_ModifyUserByName" time="0.545"/>
  <system-out/>
  <testcase classname="api.test.UserTests" name="test_DeleteUserByName" time="0.226"/>
  <system-out/>
</testsuite> <!-- api.test.UserTests -->
