<?xml version="1.0" encoding="UTF-8"?>
<!-- Generated by org.testng.reporters.JUnitReportReporter -->
<testsuite hostname="Vishnus-MacBook-Air.local" failures="0" tests="4" name="api.test.UserTests" time="2.047" errors="0" timestamp="2023-07-11T17:32:47 EDT" skipped="0">
  <testcase classname="api.test.UserTests" name="test_PostUser" time="1.257"/>
  <system-out/>
  <testcase classname="api.test.UserTests" name="test_GetUserByName" time="0.201"/>
  <system-out/>
  <testcase classname="api.test.UserTests" name="test_ModifyUserByName" time="0.394"/>
  <system-out/>
  <testcase classname="api.test.UserTests" name="test_DeleteUserByName" time="0.195"/>
  <system-out/>
</testsuite> <!-- api.test.UserTests -->
